<?xml version="1.0" encoding="UTF-8"?>
<!-- Generated by org.testng.reporters.JUnitReportReporter -->
<testsuite hostname="LTIN313203" failures="0" tests="1" name="TestCases.FundTransTest" time="11.530" errors="0" timestamp="2021-05-21T09:44:35 IST" skipped="0">
  <testcase classname="TestCases.FundTransTest" name="fundTransfer" time="11.530"/>
  <system-out/>
</testsuite> <!-- TestCases.FundTransTest -->
