<?xml version="1.0" encoding="UTF-8"?>
<!-- Generated by org.testng.reporters.JUnitReportReporter -->
<testsuite hostname="LTIN313203" failures="0" tests="1" name="TestCases.AccountOverviewTest" time="14.629" errors="0" timestamp="2021-05-23T09:57:09 IST" skipped="0">
  <testcase classname="TestCases.AccountOverviewTest" name="accountOverview" time="14.629"/>
  <system-out/>
</testsuite> <!-- TestCases.AccountOverviewTest -->
